Traceback (most recent call last):
  File "/opt/hostedtoolcache/Python/3.11.13/x64/lib/python3.11/site-packages/jupyter_core/utils/__init__.py", line 154, in wrapped
    asyncio.get_running_loop()
RuntimeError: no running event loop

During handling of the above exception, another exception occurred:

Traceback (most recent call last):
  File "/opt/hostedtoolcache/Python/3.11.13/x64/lib/python3.11/site-packages/jupyter_cache/executors/utils.py", line 58, in single_nb_execution
    executenb(
  File "/opt/hostedtoolcache/Python/3.11.13/x64/lib/python3.11/site-packages/nbclient/client.py", line 1319, in execute
    return NotebookClient(nb=nb, resources=resources, km=km, **kwargs).execute()
           ^^^^^^^^^^^^^^^^^^^^^^^^^^^^^^^^^^^^^^^^^^^^^^^^^^^^^^^^^^^^^^^^^^^^^
  File "/opt/hostedtoolcache/Python/3.11.13/x64/lib/python3.11/site-packages/jupyter_core/utils/__init__.py", line 158, in wrapped
    return loop.run_until_complete(inner)
           ^^^^^^^^^^^^^^^^^^^^^^^^^^^^^^
  File "/opt/hostedtoolcache/Python/3.11.13/x64/lib/python3.11/asyncio/base_events.py", line 654, in run_until_complete
    return future.result()
           ^^^^^^^^^^^^^^^
  File "/opt/hostedtoolcache/Python/3.11.13/x64/lib/python3.11/site-packages/nbclient/client.py", line 709, in async_execute
    await self.async_execute_cell(
  File "/opt/hostedtoolcache/Python/3.11.13/x64/lib/python3.11/site-packages/nbclient/client.py", line 1062, in async_execute_cell
    await self._check_raise_for_error(cell, cell_index, exec_reply)
  File "/opt/hostedtoolcache/Python/3.11.13/x64/lib/python3.11/site-packages/nbclient/client.py", line 918, in _check_raise_for_error
    raise CellExecutionError.from_cell_and_msg(cell, exec_reply_content)
nbclient.exceptions.CellExecutionError: An error occurred while executing the following cell:
------------------
# First, let's create a sample dataset with more numeric columns
results_df = pd.DataFrame({
    'State': ['California', 'Texas', 'Florida', 'New York', 'Pennsylvania'],
    'Population_M': [39.5, 29.5, 21.8, 19.5, 12.8],
    'GDP_per_capita': [88700, 71900, 55700, 95500, 72800],
    'Unemployment_rate': [3.9, 3.4, 2.8, 3.7, 3.5],
    'College_grad_pct': [35.0, 32.2, 31.3, 37.5, 33.1]
})

print("Our data:")
results_df
------------------


[31m---------------------------------------------------------------------------[39m
[31mNameError[39m                                 Traceback (most recent call last)
[36mCell[39m[36m [39m[32mIn[6][39m[32m, line 2[39m
[32m      1[39m [38;5;66;03m# First, let's create a sample dataset with more numeric columns[39;00m
[32m----> [39m[32m2[39m results_df = [43mpd[49m.DataFrame({
[32m      3[39m     [33m'[39m[33mState[39m[33m'[39m: [[33m'[39m[33mCalifornia[39m[33m'[39m, [33m'[39m[33mTexas[39m[33m'[39m, [33m'[39m[33mFlorida[39m[33m'[39m, [33m'[39m[33mNew York[39m[33m'[39m, [33m'[39m[33mPennsylvania[39m[33m'[39m],
[32m      4[39m     [33m'[39m[33mPopulation_M[39m[33m'[39m: [[32m39.5[39m, [32m29.5[39m, [32m21.8[39m, [32m19.5[39m, [32m12.8[39m],
[32m      5[39m     [33m'[39m[33mGDP_per_capita[39m[33m'[39m: [[32m88700[39m, [32m71900[39m, [32m55700[39m, [32m95500[39m, [32m72800[39m],
[32m      6[39m     [33m'[39m[33mUnemployment_rate[39m[33m'[39m: [[32m3.9[39m, [32m3.4[39m, [32m2.8[39m, [32m3.7[39m, [32m3.5[39m],
[32m      7[39m     [33m'[39m[33mCollege_grad_pct[39m[33m'[39m: [[32m35.0[39m, [32m32.2[39m, [32m31.3[39m, [32m37.5[39m, [32m33.1[39m]
[32m      8[39m })
[32m     10[39m [38;5;28mprint[39m([33m"[39m[33mOur data:[39m[33m"[39m)
[32m     11[39m results_df

[31mNameError[39m: name 'pd' is not defined

